{"name": "test_check_first_and_last_name_functionality", "status": "failed", "statusDetails": {"message": "AssertionError: assert False", "trace": "self = <pytest_practice.allure.test_register.TestRegister object at 0x000001ED2D55DB50>\n\n    def test_check_first_and_last_name_functionality(self):\n        self.driver.find_element(By.LINK_TEXT, \"My Account\").click()\n        self.driver.find_element(By.XPATH, \"//a[.='Register']\").click()\n        self.driver.find_element(By.ID, \"input-firstname\").send_keys(\"Bredlin\")\n        self.driver.find_element(By.ID, \"input-lastname\").send_keys(\"Jose\")\n>       assert False\nE       assert False\n\ntest_register.py:13: AssertionError"}, "start": 1722502982526, "stop": 1722502983691, "uuid": "afa075e7-d7d3-4c6b-a833-f665a6eedc98", "historyId": "7caa0f1c582c2920b1516b66d4dc21e0", "testCaseId": "7caa0f1c582c2920b1516b66d4dc21e0", "fullName": "pytest_practice.allure.test_register.TestRegister#test_check_first_and_last_name_functionality", "labels": [{"name": "severity", "value": "critical"}, {"name": "tag", "value": "@pytest.mark.usefixtures('setup_and_teardown', 'screenshot_on_failure')"}, {"name": "parentSuite", "value": "pytest_practice.allure"}, {"name": "suite", "value": "test_register"}, {"name": "subSuite", "value": "TestRegister"}, {"name": "host", "value": "DESKTOP-GA5D9PH"}, {"name": "thread", "value": "15676-MainThread"}, {"name": "framework", "value": "pytest"}, {"name": "language", "value": "cpython3"}, {"name": "package", "value": "pytest_practice.allure.test_register"}]}